[debug] [2021-01-07T11:27:43.061Z] ----------------------------------------------------------------------
[debug] [2021-01-07T11:27:43.063Z] Command:       C:\Program Files\nodejs\node.exe C:\Users\marko\AppData\Roaming\npm\node_modules\firebase-tools\lib\bin\firebase.js emulators:start
[debug] [2021-01-07T11:27:43.064Z] CLI Version:   8.15.1
[debug] [2021-01-07T11:27:43.064Z] Platform:      win32
[debug] [2021-01-07T11:27:43.064Z] Node Version:  v12.18.3
[debug] [2021-01-07T11:27:43.065Z] Time:          Thu Jan 07 2021 12:27:43 GMT+0100 (Central European Standard Time)
[debug] [2021-01-07T11:27:43.065Z] ----------------------------------------------------------------------
[debug] [2021-01-07T11:27:43.065Z] 
[debug] [2021-01-07T11:27:43.072Z] > command requires scopes: ["email","openid","https://www.googleapis.com/auth/cloudplatformprojects.readonly","https://www.googleapis.com/auth/firebase","https://www.googleapis.com/auth/cloud-platform"]
[debug] [2021-01-07T11:27:43.072Z] > authorizing via signed-in user
[info] i  emulators: Starting emulators: auth, functions, firestore, hosting {"metadata":{"emulator":{"name":"hub"},"message":"Starting emulators: auth, functions, firestore, hosting"}}
[debug] [2021-01-07T11:27:45.131Z] [hub] writing locator at C:\Users\marko\AppData\Local\Temp\hub-todo-prototyp-js.json
[warn] !  functions: The following emulators are not running, calls to these services from the Functions emulator will affect production: database, pubsub {"metadata":{"emulator":{"name":"functions"},"message":"The following emulators are not running, calls to these services from the Functions emulator will affect production: \u001b[1mdatabase, pubsub\u001b[22m"}}
[info] +  functions: Using node@12 from host. {"metadata":{"emulator":{"name":"functions"},"message":"Using node@12 from host."}}
[debug] [2021-01-07T11:27:47.208Z] defaultcredentials: writing to file C:\Users\marko\AppData\Roaming\firebase\marko_mrkonjic97_gmail.com_application_default_credentials.json
[debug] [2021-01-07T11:27:47.211Z] Setting GAC to C:\Users\marko\AppData\Roaming\firebase\marko_mrkonjic97_gmail.com_application_default_credentials.json {"metadata":{"emulator":{"name":"functions"},"message":"Setting GAC to C:\\Users\\marko\\AppData\\Roaming\\firebase\\marko_mrkonjic97_gmail.com_application_default_credentials.json"}}
[warn] !  firestore: Did not find a Cloud Firestore rules file specified in a firebase.json config file. {"metadata":{"emulator":{"name":"firestore"},"message":"Did not find a Cloud Firestore rules file specified in a firebase.json config file."}}
[warn] !  firestore: The emulator will default to allowing all reads and writes. Learn more about this option: https://firebase.google.com/docs/emulator-suite/install_and_configure#security_rules_configuration. {"metadata":{"emulator":{"name":"firestore"},"message":"The emulator will default to allowing all reads and writes. Learn more about this option: https://firebase.google.com/docs/emulator-suite/install_and_configure#security_rules_configuration."}}
[debug] [2021-01-07T11:27:49.266Z] Ignoring unsupported arg: projectId {"metadata":{"emulator":{"name":"firestore"},"message":"Ignoring unsupported arg: projectId"}}
[debug] [2021-01-07T11:27:49.266Z] Ignoring unsupported arg: auto_download {"metadata":{"emulator":{"name":"firestore"},"message":"Ignoring unsupported arg: auto_download"}}
[debug] [2021-01-07T11:27:49.266Z] Starting Firestore Emulator with command {"binary":"java","args":["-Duser.language=en","-jar","C:\\Users\\marko\\.cache\\firebase\\emulators\\cloud-firestore-emulator-v1.11.9.jar","--host","localhost","--port",8080,"--functions_emulator","localhost:5001"],"optionalArgs":["port","webchannel_port","host","rules","functions_emulator","seed_from_export"],"joinArgs":false} {"metadata":{"emulator":{"name":"firestore"},"message":"Starting Firestore Emulator with command {\"binary\":\"java\",\"args\":[\"-Duser.language=en\",\"-jar\",\"C:\\\\Users\\\\marko\\\\.cache\\\\firebase\\\\emulators\\\\cloud-firestore-emulator-v1.11.9.jar\",\"--host\",\"localhost\",\"--port\",8080,\"--functions_emulator\",\"localhost:5001\"],\"optionalArgs\":[\"port\",\"webchannel_port\",\"host\",\"rules\",\"functions_emulator\",\"seed_from_export\"],\"joinArgs\":false}"}}
[info] i  firestore: Firestore Emulator logging to firestore-debug.log {"metadata":{"emulator":{"name":"firestore"},"message":"Firestore Emulator logging to \u001b[1mfirestore-debug.log\u001b[22m"}}
[debug] [2021-01-07T11:27:57.619Z] > refreshing access token with scopes: ["email","https://www.googleapis.com/auth/cloud-platform","https://www.googleapis.com/auth/cloudplatformprojects.readonly","https://www.googleapis.com/auth/firebase","openid"]
[debug] [2021-01-07T11:27:57.620Z] >>> HTTP REQUEST POST https://www.googleapis.com/oauth2/v3/token  
 <request body omitted>
[debug] [2021-01-07T11:27:57.857Z] <<< HTTP RESPONSE 200 {"expires":"Mon, 01 Jan 1990 00:00:00 GMT","cache-control":"no-cache, no-store, max-age=0, must-revalidate","date":"Thu, 07 Jan 2021 11:27:57 GMT","pragma":"no-cache","content-type":"application/json; charset=utf-8","vary":"X-Origin, Referer, Origin,Accept-Encoding","server":"scaffolding on HTTPServer2","x-xss-protection":"0","x-frame-options":"SAMEORIGIN","x-content-type-options":"nosniff","alt-svc":"h3-29=\":443\"; ma=2592000,h3-T051=\":443\"; ma=2592000,h3-Q050=\":443\"; ma=2592000,h3-Q046=\":443\"; ma=2592000,h3-Q043=\":443\"; ma=2592000,quic=\":443\"; ma=2592000; v=\"46,43\"","accept-ranges":"none","transfer-encoding":"chunked"}
[debug] [2021-01-07T11:27:57.865Z] >>> HTTP REQUEST GET https://firebase.googleapis.com/v1beta1/projects/todo-prototyp-js/webApps/-/config  
 
[debug] [2021-01-07T11:27:58.687Z] <<< HTTP RESPONSE 200 {"content-type":"application/json; charset=UTF-8","vary":"X-Origin, Referer, Origin,Accept-Encoding","date":"Thu, 07 Jan 2021 11:27:58 GMT","server":"ESF","cache-control":"private","x-xss-protection":"0","x-frame-options":"SAMEORIGIN","x-content-type-options":"nosniff","alt-svc":"h3-29=\":443\"; ma=2592000,h3-T051=\":443\"; ma=2592000,h3-Q050=\":443\"; ma=2592000,h3-Q046=\":443\"; ma=2592000,h3-Q043=\":443\"; ma=2592000,quic=\":443\"; ma=2592000; v=\"46,43\"","accept-ranges":"none","transfer-encoding":"chunked"}
[info] i  hosting: Serving hosting files from: build {"metadata":{"emulator":{"name":"hosting"},"message":"Serving hosting files from: \u001b[1mbuild\u001b[22m"}}
[info] +  hosting: Local server: http://localhost:5000 {"metadata":{"emulator":{"name":"hosting"},"message":"Local server: \u001b[4m\u001b[1mhttp://localhost:5000\u001b[22m\u001b[24m"}}
[debug] [2021-01-07T11:28:02.791Z] Ignoring unsupported arg: auto_download {"metadata":{"emulator":{"name":"ui"},"message":"Ignoring unsupported arg: auto_download"}}
[debug] [2021-01-07T11:28:02.791Z] Ignoring unsupported arg: port {"metadata":{"emulator":{"name":"ui"},"message":"Ignoring unsupported arg: port"}}
[debug] [2021-01-07T11:28:02.792Z] Starting Emulator UI with command {"binary":"node","args":["C:\\Users\\marko\\.cache\\firebase\\emulators\\ui-v1.2.2\\server.bundle.js"],"optionalArgs":[],"joinArgs":false} {"metadata":{"emulator":{"name":"ui"},"message":"Starting Emulator UI with command {\"binary\":\"node\",\"args\":[\"C:\\\\Users\\\\marko\\\\.cache\\\\firebase\\\\emulators\\\\ui-v1.2.2\\\\server.bundle.js\"],\"optionalArgs\":[],\"joinArgs\":false}"}}
[info] i  ui: Emulator UI logging to ui-debug.log {"metadata":{"emulator":{"name":"ui"},"message":"Emulator UI logging to \u001b[1mui-debug.log\u001b[22m"}}
[debug] [2021-01-07T11:28:02.907Z] Web / API server started at http://localhost:4000
 {"metadata":{"emulator":{"name":"ui"},"message":"Web / API server started at http://localhost:4000\n"}}
[info] i  functions: Watching "D:\WebDev\React\react-ts\functions" for Cloud Functions... {"metadata":{"emulator":{"name":"functions"},"message":"Watching \"D:\\WebDev\\React\\react-ts\\functions\" for Cloud Functions..."}}
[debug] [2021-01-07T11:28:03.322Z] [worker-pool] addWorker(~diagnostic~) {"metadata":{"emulator":{"name":"functions"},"message":"[worker-pool] addWorker(~diagnostic~)"}}
[debug] [2021-01-07T11:28:03.323Z] [worker-pool] Adding worker with key ~diagnostic~, total=1 {"metadata":{"emulator":{"name":"functions"},"message":"[worker-pool] Adding worker with key ~diagnostic~, total=1"}}
[debug] [2021-01-07T11:28:03.323Z] [worker-pool] submitWork(triggerId=) {"metadata":{"emulator":{"name":"functions"},"message":"[worker-pool] submitWork(triggerId=)"}}
[debug] [2021-01-07T11:28:03.323Z] [worker-~diagnostic~-abc7b480-142c-4fba-bf69-4522da14db4a]: Assigning socketPath: \\?\pipe\D:\WebDev\React\react-ts\functions\2804 {"metadata":{"emulator":{"name":"functions"},"message":"[worker-~diagnostic~-abc7b480-142c-4fba-bf69-4522da14db4a]: Assigning socketPath: \\\\?\\pipe\\D:\\WebDev\\React\\react-ts\\functions\\2804"}}
[debug] [2021-01-07T11:28:03.324Z] [worker-~diagnostic~-abc7b480-142c-4fba-bf69-4522da14db4a]: BUSY {"metadata":{"emulator":{"name":"functions"},"message":"[worker-~diagnostic~-abc7b480-142c-4fba-bf69-4522da14db4a]: BUSY"}}
[debug] [2021-01-07T11:28:03.803Z] [runtime-status] [2804] Functions runtime initialized. {"cwd":"D:\\WebDev\\React\\react-ts\\functions","node_version":"12.18.3"} {"metadata":{"emulator":{"name":"functions"},"message":"[runtime-status] [2804] Functions runtime initialized. {\"cwd\":\"D:\\\\WebDev\\\\React\\\\react-ts\\\\functions\",\"node_version\":\"12.18.3\"}"}}
[debug] [2021-01-07T11:28:03.806Z] [runtime-status] [2804] Disabled runtime features: undefined {"metadata":{"emulator":{"name":"functions"},"message":"[runtime-status] [2804] Disabled runtime features: undefined"}}
[debug] [2021-01-07T11:28:03.814Z] [runtime-status] [2804] Resolved module firebase-admin {"declared":true,"installed":true,"version":"9.4.2","resolution":"D:\\WebDev\\React\\react-ts\\functions\\node_modules\\firebase-admin\\lib\\index.js"} {"metadata":{"emulator":{"name":"functions"},"message":"[runtime-status] [2804] Resolved module firebase-admin {\"declared\":true,\"installed\":true,\"version\":\"9.4.2\",\"resolution\":\"D:\\\\WebDev\\\\React\\\\react-ts\\\\functions\\\\node_modules\\\\firebase-admin\\\\lib\\\\index.js\"}"}}
[debug] [2021-01-07T11:28:03.816Z] [runtime-status] [2804] Resolved module firebase-functions {"declared":true,"installed":true,"version":"3.13.0","resolution":"D:\\WebDev\\React\\react-ts\\functions\\node_modules\\firebase-functions\\lib\\index.js"} {"metadata":{"emulator":{"name":"functions"},"message":"[runtime-status] [2804] Resolved module firebase-functions {\"declared\":true,\"installed\":true,\"version\":\"3.13.0\",\"resolution\":\"D:\\\\WebDev\\\\React\\\\react-ts\\\\functions\\\\node_modules\\\\firebase-functions\\\\lib\\\\index.js\"}"}}
[debug] [2021-01-07T11:28:03.818Z] [runtime-status] [2804] Resolved module firebase-functions {"declared":true,"installed":true,"version":"3.13.0","resolution":"D:\\WebDev\\React\\react-ts\\functions\\node_modules\\firebase-functions\\lib\\index.js"} {"metadata":{"emulator":{"name":"functions"},"message":"[runtime-status] [2804] Resolved module firebase-functions {\"declared\":true,\"installed\":true,\"version\":\"3.13.0\",\"resolution\":\"D:\\\\WebDev\\\\React\\\\react-ts\\\\functions\\\\node_modules\\\\firebase-functions\\\\lib\\\\index.js\"}"}}
[debug] [2021-01-07T11:28:03.820Z] [runtime-status] [2804] Outgoing network have been stubbed. [{"name":"http","status":"mocked"},{"name":"http","status":"mocked"},{"name":"https","status":"mocked"},{"name":"https","status":"mocked"},{"name":"net","status":"mocked"}] {"metadata":{"emulator":{"name":"functions"},"message":"[runtime-status] [2804] Outgoing network have been stubbed. [{\"name\":\"http\",\"status\":\"mocked\"},{\"name\":\"http\",\"status\":\"mocked\"},{\"name\":\"https\",\"status\":\"mocked\"},{\"name\":\"https\",\"status\":\"mocked\"},{\"name\":\"net\",\"status\":\"mocked\"}]"}}
[debug] [2021-01-07T11:28:03.820Z] [runtime-status] [2804] Resolved module firebase-functions {"declared":true,"installed":true,"version":"3.13.0","resolution":"D:\\WebDev\\React\\react-ts\\functions\\node_modules\\firebase-functions\\lib\\index.js"} {"metadata":{"emulator":{"name":"functions"},"message":"[runtime-status] [2804] Resolved module firebase-functions {\"declared\":true,\"installed\":true,\"version\":\"3.13.0\",\"resolution\":\"D:\\\\WebDev\\\\React\\\\react-ts\\\\functions\\\\node_modules\\\\firebase-functions\\\\lib\\\\index.js\"}"}}
[debug] [2021-01-07T11:28:03.867Z] [runtime-status] [2804] Checked functions.config() {"config":{}} {"metadata":{"emulator":{"name":"functions"},"message":"[runtime-status] [2804] Checked functions.config() {\"config\":{}}"}}
[debug] [2021-01-07T11:28:03.868Z] [runtime-status] [2804] firebase-functions has been stubbed. {"functionsResolution":{"declared":true,"installed":true,"version":"3.13.0","resolution":"D:\\WebDev\\React\\react-ts\\functions\\node_modules\\firebase-functions\\lib\\index.js"}} {"metadata":{"emulator":{"name":"functions"},"message":"[runtime-status] [2804] firebase-functions has been stubbed. {\"functionsResolution\":{\"declared\":true,\"installed\":true,\"version\":\"3.13.0\",\"resolution\":\"D:\\\\WebDev\\\\React\\\\react-ts\\\\functions\\\\node_modules\\\\firebase-functions\\\\lib\\\\index.js\"}}"}}
[debug] [2021-01-07T11:28:03.868Z] [runtime-status] [2804] Resolved module firebase-functions {"declared":true,"installed":true,"version":"3.13.0","resolution":"D:\\WebDev\\React\\react-ts\\functions\\node_modules\\firebase-functions\\lib\\index.js"} {"metadata":{"emulator":{"name":"functions"},"message":"[runtime-status] [2804] Resolved module firebase-functions {\"declared\":true,\"installed\":true,\"version\":\"3.13.0\",\"resolution\":\"D:\\\\WebDev\\\\React\\\\react-ts\\\\functions\\\\node_modules\\\\firebase-functions\\\\lib\\\\index.js\"}"}}
[debug] [2021-01-07T11:28:03.869Z] [runtime-status] [2804] Resolved module firebase-admin {"declared":true,"installed":true,"version":"9.4.2","resolution":"D:\\WebDev\\React\\react-ts\\functions\\node_modules\\firebase-admin\\lib\\index.js"} {"metadata":{"emulator":{"name":"functions"},"message":"[runtime-status] [2804] Resolved module firebase-admin {\"declared\":true,\"installed\":true,\"version\":\"9.4.2\",\"resolution\":\"D:\\\\WebDev\\\\React\\\\react-ts\\\\functions\\\\node_modules\\\\firebase-admin\\\\lib\\\\index.js\"}"}}
[debug] [2021-01-07T11:28:03.870Z] [runtime-status] [2804] Resolved module firebase-functions {"declared":true,"installed":true,"version":"3.13.0","resolution":"D:\\WebDev\\React\\react-ts\\functions\\node_modules\\firebase-functions\\lib\\index.js"} {"metadata":{"emulator":{"name":"functions"},"message":"[runtime-status] [2804] Resolved module firebase-functions {\"declared\":true,\"installed\":true,\"version\":\"3.13.0\",\"resolution\":\"D:\\\\WebDev\\\\React\\\\react-ts\\\\functions\\\\node_modules\\\\firebase-functions\\\\lib\\\\index.js\"}"}}
[debug] [2021-01-07T11:28:03.870Z] [runtime-status] [2804] firebase-admin has been stubbed. {"adminResolution":{"declared":true,"installed":true,"version":"9.4.2","resolution":"D:\\WebDev\\React\\react-ts\\functions\\node_modules\\firebase-admin\\lib\\index.js"}} {"metadata":{"emulator":{"name":"functions"},"message":"[runtime-status] [2804] firebase-admin has been stubbed. {\"adminResolution\":{\"declared\":true,\"installed\":true,\"version\":\"9.4.2\",\"resolution\":\"D:\\\\WebDev\\\\React\\\\react-ts\\\\functions\\\\node_modules\\\\firebase-admin\\\\lib\\\\index.js\"}}"}}
[info] +  functions[helloWorld]: http function initialized (http://localhost:5001/todo-prototyp-js/us-central1/helloWorld). {"metadata":{"emulator":{"name":"functions"},"message":"\u001b[1mhttp\u001b[22m function initialized (http://localhost:5001/todo-prototyp-js/us-central1/helloWorld)."}}
[info] 
┌───────────────────────────────────────────────────────────────────────┐
│ ✔  All emulators ready! View status and logs at http://localhost:4000 │
└───────────────────────────────────────────────────────────────────────┘

┌────────────────┬────────────────┬─────────────────────────────────┐
│ Emulator       │ Host:Port      │ View in Emulator UI             │
├────────────────┼────────────────┼─────────────────────────────────┤
│ Authentication │ localhost:9099 │ http://localhost:4000/auth      │
├────────────────┼────────────────┼─────────────────────────────────┤
│ Functions      │ localhost:5001 │ http://localhost:4000/functions │
├────────────────┼────────────────┼─────────────────────────────────┤
│ Firestore      │ localhost:8080 │ http://localhost:4000/firestore │
├────────────────┼────────────────┼─────────────────────────────────┤
│ Hosting        │ localhost:5000 │ n/a                             │
└────────────────┴────────────────┴─────────────────────────────────┘
  Other reserved ports: 4400, 4500

Issues? Report them at https://github.com/firebase/firebase-tools/issues and attach the *-debug.log files.
 
[debug] [2021-01-07T11:28:03.886Z] [worker-~diagnostic~-abc7b480-142c-4fba-bf69-4522da14db4a]: IDLE {"metadata":{"emulator":{"name":"functions"},"message":"[worker-~diagnostic~-abc7b480-142c-4fba-bf69-4522da14db4a]: IDLE"}}
